;  LST file generated by mikroListExporter - v.2.0 
; Date/Time: 20/08/2018 02:26:03 p.m.
;----------------------------------------------

;Address Opcode 	ASM
0x0000	0x2803      	GOTO       3
_main:
;ControlServomotor.c,5 :: 		void main() {
;ControlServomotor.c,6 :: 		TRISD = 0B00000010;      // RD0 como salida y RD1 como entrada
0x0003	0x3002      	MOVLW      2
0x0004	0x1683      	BSF        STATUS, 5
0x0005	0x1303      	BCF        STATUS, 6
0x0006	0x0088      	MOVWF      TRISD
;ControlServomotor.c,7 :: 		PORTD.F0 = 0;            // valor inicial para RD0
0x0007	0x1283      	BCF        STATUS, 5
0x0008	0x1008      	BCF        PORTD, 0
;ControlServomotor.c,9 :: 		while(1)
L_main0:
;ControlServomotor.c,11 :: 		if(PORTD.F1==1)
0x0009	0x1C88      	BTFSS      PORTD, 1
0x000A	0x2821      	GOTO       L_main2
;ControlServomotor.c,13 :: 		PORTD.F0=1;   // generamos pulso en alto
0x000B	0x1408      	BSF        PORTD, 0
;ControlServomotor.c,14 :: 		Delay_us(2400);  // por 2400 us
0x000C	0x3010      	MOVLW      16
0x000D	0x00FC      	MOVWF      R12
0x000E	0x3094      	MOVLW      148
0x000F	0x00FD      	MOVWF      R13
L_main3:
0x0010	0x0BFD      	DECFSZ     R13, 1
0x0011	0x2810      	GOTO       L_main3
0x0012	0x0BFC      	DECFSZ     R12, 1
0x0013	0x2810      	GOTO       L_main3
0x0014	0x0000      	NOP
;ControlServomotor.c,15 :: 		PORTD.F0=0;      // se general pulso bajo
0x0015	0x1008      	BCF        PORTD, 0
;ControlServomotor.c,16 :: 		Delay_ms(20);    // se genera pulso bajo 20ms
0x0016	0x3082      	MOVLW      130
0x0017	0x00FC      	MOVWF      R12
0x0018	0x30DD      	MOVLW      221
0x0019	0x00FD      	MOVWF      R13
L_main4:
0x001A	0x0BFD      	DECFSZ     R13, 1
0x001B	0x281A      	GOTO       L_main4
0x001C	0x0BFC      	DECFSZ     R12, 1
0x001D	0x281A      	GOTO       L_main4
0x001E	0x0000      	NOP
0x001F	0x0000      	NOP
;ControlServomotor.c,17 :: 		}
0x0020	0x2836      	GOTO       L_main5
L_main2:
;ControlServomotor.c,20 :: 		PORTD.F0=1;   // generamos pulso en alto
0x0021	0x1408      	BSF        PORTD, 0
;ControlServomotor.c,21 :: 		Delay_us(600);  // por 600 us
0x0022	0x3004      	MOVLW      4
0x0023	0x00FC      	MOVWF      R12
0x0024	0x30E4      	MOVLW      228
0x0025	0x00FD      	MOVWF      R13
L_main6:
0x0026	0x0BFD      	DECFSZ     R13, 1
0x0027	0x2826      	GOTO       L_main6
0x0028	0x0BFC      	DECFSZ     R12, 1
0x0029	0x2826      	GOTO       L_main6
0x002A	0x0000      	NOP
;ControlServomotor.c,22 :: 		PORTD.F0=0;      // se general pulso bajo
0x002B	0x1008      	BCF        PORTD, 0
;ControlServomotor.c,23 :: 		Delay_ms(20);    // se genera pulso bajo 20ms
0x002C	0x3082      	MOVLW      130
0x002D	0x00FC      	MOVWF      R12
0x002E	0x30DD      	MOVLW      221
0x002F	0x00FD      	MOVWF      R13
L_main7:
0x0030	0x0BFD      	DECFSZ     R13, 1
0x0031	0x2830      	GOTO       L_main7
0x0032	0x0BFC      	DECFSZ     R12, 1
0x0033	0x2830      	GOTO       L_main7
0x0034	0x0000      	NOP
0x0035	0x0000      	NOP
;ControlServomotor.c,24 :: 		}
L_main5:
;ControlServomotor.c,25 :: 		}
0x0036	0x2809      	GOTO       L_main0
;ControlServomotor.c,26 :: 		}
L_end_main:
0x0037	0x2837      	GOTO       $+0
; end of _main
Symbol List:
//** Routines locations **
//ADDRESS    SIZE    PROCEDURE
//----------------------------------------------
0x0003      [53]    _main
//** Variables locations ** 
//ADDRESS    SIZE    VARIABLE
//----------------------------------------------
0x0000       [1]    INDF
0x0003       [1]    STATUS
0x0004       [1]    FSR
0x0008       [1]    PORTD
0x000A       [1]    PCLATH
0x0020       [2]    ___DoICPAddr
0x0070       [1]    R0
0x0071       [1]    R1
0x0072       [1]    R2
0x0073       [1]    R3
0x0074       [1]    R4
0x0075       [1]    R5
0x0076       [1]    R6
0x0077       [1]    R7
0x0078       [1]    R8
0x0079       [1]    R9
0x007A       [1]    R10
0x007B       [1]    R11
0x007C       [1]    R12
0x007D       [1]    R13
0x007E       [1]    R14
0x007F       [1]    R15
0x0088       [1]    TRISD
