;  LST file generated by mikroListExporter - v.2.0 
; Date/Time: 20/08/2018 11:24:34 a.m.
;----------------------------------------------

;Address Opcode 	ASM
0x0000	0x2825      	GOTO       37
_UART1_Init:
;__Lib_UART_c67.c,2 :: 		
;__Lib_UART_c67.c,5 :: 		
0x0003	0x1683      	BSF        STATUS, 5
0x0004	0x1303      	BCF        STATUS, 6
0x0005	0x1698      	BSF        TXSTA, 5
;__Lib_UART_c67.c,6 :: 		
0x0006	0x3090      	MOVLW      144
0x0007	0x1283      	BCF        STATUS, 5
0x0008	0x0098      	MOVWF      RCSTA
;__Lib_UART_c67.c,7 :: 		
0x0009	0x1683      	BSF        STATUS, 5
0x000A	0x1787      	BSF        TRISC7_bit, BitPos(TRISC7_bit+0)
;__Lib_UART_c67.c,8 :: 		
0x000B	0x1307      	BCF        TRISC6_bit, BitPos(TRISC6_bit+0)
;__Lib_UART_c67.c,10 :: 		
L_UART1_Init0:
0x000C	0x1283      	BCF        STATUS, 5
0x000D	0x1E8C      	BTFSS      PIR1, 5
0x000E	0x2812      	GOTO       L_UART1_Init1
;__Lib_UART_c67.c,11 :: 		
0x000F	0x081A      	MOVF       RCREG, 0
0x0010	0x00F0      	MOVWF      R0
0x0011	0x280C      	GOTO       L_UART1_Init0
L_UART1_Init1:
;__Lib_UART_c67.c,12 :: 		
L_end_UART1_Init:
0x0012	0x0008      	RETURN
; end of _UART1_Init
_UART1_Read:
;__Lib_UART_c67.c,21 :: 		
;__Lib_UART_c67.c,24 :: 		
0x0013	0x1283      	BCF        STATUS, 5
0x0014	0x1303      	BCF        STATUS, 6
0x0015	0x081A      	MOVF       RCREG, 0
0x0016	0x00F1      	MOVWF      R1
;__Lib_UART_c67.c,25 :: 		
0x0017	0x1C98      	BTFSS      RCSTA, 1
0x0018	0x281B      	GOTO       L_UART1_Read2
;__Lib_UART_c67.c,26 :: 		
0x0019	0x1218      	BCF        RCSTA, 4
;__Lib_UART_c67.c,27 :: 		
0x001A	0x1618      	BSF        RCSTA, 4
;__Lib_UART_c67.c,28 :: 		
L_UART1_Read2:
;__Lib_UART_c67.c,29 :: 		
0x001B	0x0871      	MOVF       R1, 0
0x001C	0x00F0      	MOVWF      R0
;__Lib_UART_c67.c,30 :: 		
L_end_UART1_Read:
0x001D	0x0008      	RETURN
; end of _UART1_Read
_UART1_Data_Ready:
;__Lib_UART_c67.c,16 :: 		
;__Lib_UART_c67.c,17 :: 		
0x001E	0x3000      	MOVLW      0
0x001F	0x1283      	BCF        STATUS, 5
0x0020	0x1303      	BCF        STATUS, 6
0x0021	0x1A8C      	BTFSC      PIR1, 5
0x0022	0x3001      	MOVLW      1
0x0023	0x00F0      	MOVWF      R0
;__Lib_UART_c67.c,18 :: 		
L_end_UART1_Data_Ready:
0x0024	0x0008      	RETURN
; end of _UART1_Data_Ready
_main:
;ControlViaPC.c,6 :: 		void main() {
;ControlViaPC.c,7 :: 		TRISD = 0B00000000;               // RD0 y RD1 como salidas digitales
0x0025	0x1683      	BSF        STATUS, 5
0x0026	0x1303      	BCF        STATUS, 6
0x0027	0x0188      	CLRF       TRISD
;ControlViaPC.c,8 :: 		PORTD = 0;                        // inicializamos el puerto
0x0028	0x1283      	BCF        STATUS, 5
0x0029	0x0188      	CLRF       PORTD
;ControlViaPC.c,9 :: 		UART1_Init(9600);
0x002A	0x3081      	MOVLW      129
0x002B	0x1683      	BSF        STATUS, 5
0x002C	0x0099      	MOVWF      SPBRG
0x002D	0x1518      	BSF        TXSTA, 2
0x002E	0x2003      	CALL       _UART1_Init
;ControlViaPC.c,10 :: 		Delay_ms(100);                    // inicilizar puerto serie a 9600
0x002F	0x3003      	MOVLW      3
0x0030	0x00FB      	MOVWF      R11
0x0031	0x308A      	MOVLW      138
0x0032	0x00FC      	MOVWF      R12
0x0033	0x3055      	MOVLW      85
0x0034	0x00FD      	MOVWF      R13
L_main0:
0x0035	0x0BFD      	DECFSZ     R13, 1
0x0036	0x2835      	GOTO       L_main0
0x0037	0x0BFC      	DECFSZ     R12, 1
0x0038	0x2835      	GOTO       L_main0
0x0039	0x0BFB      	DECFSZ     R11, 1
0x003A	0x2835      	GOTO       L_main0
0x003B	0x0000      	NOP
0x003C	0x0000      	NOP
;ControlViaPC.c,12 :: 		while(1)
L_main1:
;ControlViaPC.c,14 :: 		if(UART1_Data_Ready() > 0)       // llegaron datos?
0x003D	0x201E      	CALL       _UART1_Data_Ready
0x003E	0x0870      	MOVF       R0, 0
0x003F	0x3C00      	SUBLW      0
0x0040	0x1803      	BTFSC      STATUS, 0
0x0041	0x2859      	GOTO       L_main3
;ControlViaPC.c,16 :: 		DatoIN = UART1_Read();          // se lee el dato de entrada
0x0042	0x2013      	CALL       _UART1_Read
0x0043	0x0870      	MOVF       R0, 0
0x0044	0x00A0      	MOVWF      _DatoIN
;ControlViaPC.c,17 :: 		if(DatoIN == 'A')
0x0045	0x0870      	MOVF       R0, 0
0x0046	0x3A41      	XORLW      65
0x0047	0x1D03      	BTFSS      STATUS, 2
0x0048	0x284A      	GOTO       L_main4
;ControlViaPC.c,18 :: 		PORTD.F0 = 1;                    // si llega una A se activa primer led
0x0049	0x1408      	BSF        PORTD, 0
L_main4:
;ControlViaPC.c,19 :: 		if(DatoIN == 'B')
0x004A	0x0820      	MOVF       _DatoIN, 0
0x004B	0x3A42      	XORLW      66
0x004C	0x1D03      	BTFSS      STATUS, 2
0x004D	0x284F      	GOTO       L_main5
;ControlViaPC.c,20 :: 		PORTD.F0= 0;                    // si llega una A se activa primer led
0x004E	0x1008      	BCF        PORTD, 0
L_main5:
;ControlViaPC.c,21 :: 		if(DatoIN == 'C')
0x004F	0x0820      	MOVF       _DatoIN, 0
0x0050	0x3A43      	XORLW      67
0x0051	0x1D03      	BTFSS      STATUS, 2
0x0052	0x2854      	GOTO       L_main6
;ControlViaPC.c,22 :: 		PORTD.F1= 1;                    // si llega una A se activa primer led
0x0053	0x1488      	BSF        PORTD, 1
L_main6:
;ControlViaPC.c,23 :: 		if(DatoIN == 'D')
0x0054	0x0820      	MOVF       _DatoIN, 0
0x0055	0x3A44      	XORLW      68
0x0056	0x1D03      	BTFSS      STATUS, 2
0x0057	0x2859      	GOTO       L_main7
;ControlViaPC.c,24 :: 		PORTD.F1= 0;                    // si llega una A se activa primer led
0x0058	0x1088      	BCF        PORTD, 1
L_main7:
;ControlViaPC.c,25 :: 		}
L_main3:
;ControlViaPC.c,26 :: 		}
0x0059	0x283D      	GOTO       L_main1
;ControlViaPC.c,27 :: 		}
L_end_main:
0x005A	0x285A      	GOTO       $+0
; end of _main
Symbol List:
//** Routines locations **
//ADDRESS    SIZE    PROCEDURE
//----------------------------------------------
0x0003      [16]    _UART1_Init
0x0013      [11]    _UART1_Read
0x001E       [7]    _UART1_Data_Ready
0x0025      [54]    _main
//** Variables locations ** 
//ADDRESS    SIZE    VARIABLE
//----------------------------------------------
0x0000       [1]    INDF
0x0003       [1]    STATUS
0x0004       [1]    FSR
0x0008       [1]    PORTD
0x000A       [1]    PCLATH
0x000C       [1]    PIR1
0x0018       [1]    RCSTA
0x001A       [1]    RCREG
0x0020       [1]    _DatoIN
0x0021       [2]    ___DoICPAddr
0x0070       [1]    R0
0x0071       [1]    R1
0x0072       [1]    R2
0x0073       [1]    R3
0x0074       [1]    R4
0x0075       [1]    R5
0x0076       [1]    R6
0x0077       [1]    R7
0x0078       [1]    R8
0x0079       [1]    R9
0x007A       [1]    R10
0x007B       [1]    R11
0x007C       [1]    R12
0x007D       [1]    R13
0x007E       [1]    R14
0x007F       [1]    R15
0x0087       [0]    TRISC6_bit
0x0087       [0]    TRISC7_bit
0x0088       [1]    TRISD
0x0098       [1]    TXSTA
0x0099       [1]    SPBRG
0x009A       [1]    SPBRGH
